<?xml version="1.0" encoding="UTF-8"?>
<!-- Generated by org.testng.reporters.JUnitReportReporter -->
<testsuite hostname="Admin-PC" name="utils.ExcelDataProvider" tests="2" failures="0" timestamp="11 May 2019 19:42:58 GMT" time="5.180" errors="0">
  <testcase name="test1" time="4.126" classname="utils.ExcelDataProvider"/>
  <testcase name="test1" time="1.054" classname="utils.ExcelDataProvider"/>
</testsuite> <!-- utils.ExcelDataProvider -->
