<?xml version="1.0" encoding="UTF-8"?>
<!-- Generated by org.testng.reporters.JUnitReportReporter -->
<testsuite hostname="Admin-PC" name="test.ExtentReport_TestNG" tests="2" failures="0" timestamp="6 May 2019 17:04:01 GMT" time="7.791" errors="0">
  <testcase name="test" time="7.775" classname="test.ExtentReport_TestNG"/>
  <testcase name="test2" time="0.016" classname="test.ExtentReport_TestNG"/>
</testsuite> <!-- test.ExtentReport_TestNG -->
