<?xml version="1.0" encoding="UTF-8"?>
<!-- Generated by org.testng.reporters.JUnitReportReporter -->
<testsuite hostname="Admin-PC" name="test.TestNG_Demo2" tests="1" failures="0" timestamp="4 May 2019 16:38:03 GMT" time="3.284" errors="0">
  <testcase name="googleSearch" time="3.284" classname="test.TestNG_Demo2"/>
</testsuite> <!-- test.TestNG_Demo2 -->
