<?xml version="1.0" encoding="UTF-8"?>
<!-- Generated by org.testng.reporters.JUnitReportReporter -->
<testsuite hostname="Admin-PC" name="priority.TestingPriorityDemo" tests="3" failures="0" timestamp="28 May 2019 14:42:33 GMT" time="0.015" errors="0">
  <testcase name="test1" time="0.001" classname="priority.TestingPriorityDemo"/>
  <testcase name="test3" time="0.012" classname="priority.TestingPriorityDemo"/>
  <testcase name="test2" time="0.002" classname="priority.TestingPriorityDemo"/>
</testsuite> <!-- priority.TestingPriorityDemo -->
