<?xml version="1.0" encoding="UTF-8"?>
<!-- Generated by org.testng.reporters.JUnitReportReporter -->
<testsuite hostname="Admin-PC" name="test.TestNG_Demo" tests="1" failures="0" timestamp="10 May 2019 05:55:52 GMT" time="34.469" errors="0">
  <testcase name="googleSearch" time="34.469" classname="test.TestNG_Demo"/>
</testsuite> <!-- test.TestNG_Demo -->
